[0m[[0m[0mdebug[0m] [0m[0m> Exec(~run, Some(2b07f9fd-1b3b-4ab3-bb40-962c17823582), Some(CommandSource(console0)))[0m
[0m[[0m[0mdebug[0m] [0m[0m> Exec(__runWatch console0, None, Some(CommandSource(console0)))[0m
[0m[[0m[0mdebug[0m] [0m[0m> Exec(sbtStashOnFailure, None, Some(CommandSource(console0)))[0m
[0m[[0m[0mdebug[0m] [0m[0m> Exec(__preWatch console0, None, Some(CommandSource(console0)))[0m
[0m[[0m[0mdebug[0m] [0m[0m> Exec(run, None, Some(CommandSource(console0)))[0m
[0m[[0m[0mdebug[0m] [0m[0mEvaluating tasks: Compile / run[0m
[0m[[0m[0mdebug[0m] [0m[0mRunning task... Cancel: Signal, check cycles: false, forcegc: true[0m
[0m[[0m[0minfo[0m] [0m[0mUpdating [0m
[0m[[0m[0minfo[0m] [0m[0mResolved  dependencies[0m
[0m[[0m[0minfo[0m] [0m[0mFetching artifacts of [0m
[0m[[0m[0minfo[0m] [0m[0mFetched artifacts of [0m
[0m[[0m[0minfo[0m] [0m[0mcompiling 1 Scala source to /Users/mahesh/play/scala3/implicits/target/scala-3.0.0/classes ...[0m
[0m[[0m[33mwarn[0m] [0m[0m[33m-- Warning: /Users/mahesh/play/scala3/implicits/src/main/scala/Main.scala:9:2 --[0m[0m
[0m[[0m[33mwarn[0m] [0m[0m[33m9 |[0m  [33mgiven[0m [35mColor[0m = Color.Red[0m
[0m[[0m[33mwarn[0m] [0m[0m  |  [33m^[0m[0m
[0m[[0m[33mwarn[0m] [0m[0m  |  Line is indented too far to the right, or a `{` or `:` is missing[0m
[0m[[0m[31merror[0m] [0m[0m[31m-- [E040] Syntax Error: /Users/mahesh/play/scala3/implicits/src/main/scala/Main.scala:14:0 [0m[0m
[0m[[0m[31merror[0m] [0m[0m[31m14 |[0m  [33mcase[0m Red [33mextends[0m Color(RED)[0m
[0m[[0m[31merror[0m] [0m[0m   |[31m^^^^[0m[0m
[0m[[0m[31merror[0m] [0m[0m   |'{' expected, but 'end of statement' found[0m
[0m[[0m[31merror[0m] [0m[0m[31m-- [E040] Syntax Error: /Users/mahesh/play/scala3/implicits/src/main/scala/Main.scala:18:4 [0m[0m
[0m[[0m[31merror[0m] [0m[0m[31m18 |[0m[33mdef[0m (s: String) color ([33mgiven[0m c: Color) :  String[0m
[0m[[0m[31merror[0m] [0m[0m   |    [31m^[0m[0m
[0m[[0m[31merror[0m] [0m[0m   |    an identifier expected, but '(' found[0m
[0m[[0m[31merror[0m] [0m[0m[31m-- [E040] Syntax Error: /Users/mahesh/play/scala3/implicits/src/main/scala/Main.scala:19:22 [0m[0m
[0m[[0m[31merror[0m] [0m[0m[31m19 |[0m  [31ms"[0m${c.ansi}$s$RESET[31m"[0m[0m
[0m[[0m[31merror[0m] [0m[0m   |                      [31m^[0m[0m
[0m[[0m[31merror[0m] [0m[0m   |                      '}' expected, but eof found[0m
[0m[[0m[31merror[0m] [0m[0m[31m-- [E006] Not Found Error: /Users/mahesh/play/scala3/implicits/src/main/scala/Main.scala:19:6 [0m[0m
[0m[[0m[31merror[0m] [0m[0m[31m19 |[0m  [31ms"[0m${c.ansi}$s$RESET[31m"[0m[0m
[0m[[0m[31merror[0m] [0m[0m   |      [31m^[0m[0m
[0m[[0m[31merror[0m] [0m[0m   |      Not found: c[0m
[0m[[0m[31merror[0m] [0m[0m[31m-- [E006] Not Found Error: /Users/mahesh/play/scala3/implicits/src/main/scala/Main.scala:19:14 [0m[0m
[0m[[0m[31merror[0m] [0m[0m[31m19 |[0m  [31ms"[0m${c.ansi}$s$RESET[31m"[0m[0m
[0m[[0m[31merror[0m] [0m[0m   |              [31m^[0m[0m
[0m[[0m[31merror[0m] [0m[0m   |              Not found: s[0m
[0m[[0m[33mwarn[0m] [0m[0mone warning found[0m
[0m[[0m[31merror[0m] [0m[0m5 errors found[0m
[0m[[0m[33mwarn[0m] [0m[0mone warning found[0m
[0m[[0m[31merror[0m] [0m[0m5 errors found[0m
[0m[[0m[31merror[0m] [0m[0m(Compile / [31mcompileIncremental[0m) Compilation failed[0m
[0m[[0m[31merror[0m] [0m[0mTotal time: 4 s, completed 19 Jul 2021, 3:45:15 pm[0m
[0m[[0m[0mdebug[0m] [0m[0m> Exec(resumeFromFailure, None, Some(CommandSource(console0)))[0m
[0m[[0m[0mdebug[0m] [0m[0m> Exec(sbtPopOnFailure, None, Some(CommandSource(console0)))[0m
[0m[[0m[0mdebug[0m] [0m[0m> Exec(__postWatch console0, None, Some(CommandSource(console0)))[0m
[0m[[0m[0mdebug[0m] [0m[0m> Exec(__waitWatch console0, None, Some(CommandSource(console0)))[0m
[0m[[0m[0minfo[0m] [0m[0mshutting down sbt server[0m
